#
# A fatal error has been detected by the Java Runtime Environment:
#
#  EXCEPTION_ACCESS_VIOLATION (0xc0000005) at pc=0x000000006d43ff2e, pid=2240, tid=17488
#
# JRE version: OpenJDK Runtime Environment Temurin-11.0.12+7 (11.0.12+7) (build 11.0.12+7)
# Java VM: OpenJDK 64-Bit Server VM Temurin-11.0.12+7 (11.0.12+7, mixed mode, tiered, compressed oops, g1 gc, windows-amd64)
# Problematic frame:
# C  [atio6axx.dll+0xf4ff2e]
#
# No core dump will be written. Minidumps are not enabled by default on client versions of Windows
#
# If you would like to submit a bug report, please visit:
#   https://github.com/adoptium/adoptium-support/issues
# The crash happened outside the Java Virtual Machine in native code.
# See problematic frame for where to report the bug.
#

---------------  S U M M A R Y ------------

Command Line: -Duser.language=en_US -Dfile.encoding=UTF-8 org.uqbar.project.wollok.launch.WollokLauncher -requestsPort 0 -eventsPort 0 -folder -dontValidate -wf src/juego.wpgm

Host: AMD FX-9800P RADEON R7, 12 COMPUTE CORES 4C+8G , 4 cores, 7G,  Windows 10 , 64 bit Build 19041 (10.0.19041.1889)
Time: Wed Oct 26 15:51:24 2022 Argentina Standard Time elapsed time: 15.543541 seconds (0d 0h 0m 15s)

---------------  T H R E A D  ---------------

Current thread (0x00000186ec80e800):  JavaThread "LWJGL Application" [_thread_in_native, id=17488, stack(0x0000000655000000,0x0000000655100000)]

Stack: [0x0000000655000000,0x0000000655100000],  sp=0x00000006550fe700,  free space=1017k
Native frames: (J=compiled Java code, j=interpreted, Vv=VM code, C=native code)
C  [atio6axx.dll+0xf4ff2e]

Java frames: (J=compiled Java code, j=interpreted, Vv=VM code)
j  org.lwjgl.opengl.WindowsContextImplementation.nCreate(Ljava/nio/ByteBuffer;Ljava/nio/IntBuffer;Ljava/nio/ByteBuffer;)Ljava/nio/ByteBuffer;+0
j  org.lwjgl.opengl.WindowsContextImplementation.create(Lorg/lwjgl/opengl/PeerInfo;Ljava/nio/IntBuffer;Ljava/nio/ByteBuffer;)Ljava/nio/ByteBuffer;+10
j  org.lwjgl.opengl.ContextGL.<init>(Lorg/lwjgl/opengl/PeerInfo;Lorg/lwjgl/opengl/ContextAttribs;Lorg/lwjgl/opengl/ContextGL;)V+103
j  org.lwjgl.opengl.Display.create(Lorg/lwjgl/opengl/PixelFormat;Lorg/lwjgl/opengl/Drawable;Lorg/lwjgl/opengl/ContextAttribs;)V+102
j  org.lwjgl.opengl.Display.create(Lorg/lwjgl/opengl/PixelFormat;)V+12
j  com.badlogic.gdx.backends.lwjgl.LwjglGraphics.createDisplayPixelFormat(ZII)V+343
j  com.badlogic.gdx.backends.lwjgl.LwjglGraphics.setupDisplay()V+575
j  com.badlogic.gdx.backends.lwjgl.LwjglApplication.mainLoop()V+9
j  com.badlogic.gdx.backends.lwjgl.LwjglApplication$1.run()V+27
v  ~StubRoutines::call_stub

siginfo: EXCEPTION_ACCESS_VIOLATION (0xc0000005), reading address 0x0000000000000000


Register to memory mapping:

RIP=0x000000006d43ff2e atio6axx.dll
RAX=0x0 is NULL
RBX=0x00000186ee972fe0 points into unknown readable memory: 0x0000010000400000 | 00 00 40 00 00 01 00 00
RCX=0x00000186ca720000 points into unknown readable memory: 0x0000000000000000 | 00 00 00 00 00 00 00 00
RDX=0x00000186ca720000 points into unknown readable memory: 0x0000000000000000 | 00 00 00 00 00 00 00 00
RSP=0x00000006550fe700 is pointing into the stack for thread: 0x00000186ec80e800
RBP=0x00000006550fe760 is pointing into the stack for thread: 0x00000186ec80e800
RSI=0x0 is NULL
RDI=0x0 is NULL
R8 =0x00000186ca664140 points into unknown readable memory: 0x00000186ca660cc0 | c0 0c 66 ca 86 01 00 00
R9 =0x0000000000000001 is an unknown value
R10=0x0000000000008000 is an unknown value
R11=0x00000006550fe530 is pointing into the stack for thread: 0x00000186ec80e800
R12=0x0 is NULL
R13=0x0 is NULL
R14=0x00000186f08be530 points into unknown readable memory: 0x000000006df4e558 | 58 e5 f4 6d 00 00 00 00
R15=0x0 is NULL


Registers:
RAX=0x0000000000000000, RBX=0x00000186ee972fe0, RCX=0x00000186ca720000, RDX=0x00000186ca720000
RSP=0x00000006550fe700, RBP=0x00000006550fe760, RSI=0x0000000000000000, RDI=0x0000000000000000
R8 =0x00000186ca664140, R9 =0x0000000000000001, R10=0x0000000000008000, R11=0x00000006550fe530
R12=0x0000000000000000, R13=0x0000000000000000, R14=0x00000186f08be530, R15=0x0000000000000000
RIP=0x000000006d43ff2e, EFLAGS=0x0000000000010206

Top of Stack: (sp=0x00000006550fe700)
0x00000006550fe700:   0000050000000000 00000186ee972fe0
0x00000006550fe710:   000000006ddd5e04 0000000000ca4000
0x00000006550fe720:   0000000000000000 0000000000000000
0x00000006550fe730:   00000186eca00880 000000006d431e28
0x00000006550fe740:   000000006ddd5e04 00000186ee972fe0
0x00000006550fe750:   0000000000000000 00000186f08be530
0x00000006550fe760:   0000006400000001 0000010000400000
0x00000006550fe770:   0000000c00000017 0000000000000000
0x00000006550fe780:   00000186ee471fd0 00000186eef529f0
0x00000006550fe790:   00000186ee3f1be0 000000006c76dc9e
0x00000006550fe7a0:   00000186f097d3f0 0000000000000000
0x00000006550fe7b0:   00000186eef52d70 0000000000000000
0x00000006550fe7c0:   00000006550fe998 00000186ca660000
0x00000006550fe7d0:   00000006550fe930 000000006d303220
0x00000006550fe7e0:   00000186ee1a1250 00000186ec2a3270
0x00000006550fe7f0:   0000000000000028 0000000000000000 

Instructions: (pc=0x000000006d43ff2e)
0x000000006d43fe2e:   41 ff 4e 14 48 8b 0b e8 86 59 7c 00 4c 89 23 48
0x000000006d43fe3e:   8b 4b 08 48 85 c9 75 0e 48 8b 46 08 48 8b 48 10
0x000000006d43fe4e:   48 89 4e 08 eb 08 48 8b 43 10 48 89 41 10 48 8b
0x000000006d43fe5e:   4b 10 48 85 c9 75 15 48 8b 06 48 8b 48 08 48 89
0x000000006d43fe6e:   0e 48 85 c9 75 0e 4c 89 66 08 eb 08 48 8b 43 08
0x000000006d43fe7e:   48 89 41 08 48 83 fb 01 74 08 48 8b cb e8 50 6e
0x000000006d43fe8e:   7c 00 48 8b 1e eb 04 48 8b 5b 08 48 85 db 0f 85
0x000000006d43fe9e:   f0 fe ff ff 4c 8b 64 24 20 48 8b 7c 24 58 48 8b
0x000000006d43feae:   6c 24 50 48 83 c4 28 41 5f 41 5e 5e 5b c3 cc cc
0x000000006d43febe:   cc cc 48 89 5c 24 10 48 89 6c 24 18 48 89 7c 24
0x000000006d43fece:   20 41 54 41 56 41 57 48 83 ec 20 41 8b 40 04 45
0x000000006d43fede:   33 e4 49 8b e8 89 41 18 41 8b 40 08 4c 8b f2 89
0x000000006d43feee:   01 41 8b 40 0c 48 8b d9 89 41 04 41 8b 40 14 45
0x000000006d43fefe:   8b fc 89 41 0c 41 8b 40 10 41 8b fc 89 41 08 41
0x000000006d43ff0e:   8b 40 18 89 41 10 45 39 20 76 6d 48 89 74 24 40
0x000000006d43ff1e:   66 90 49 8b d6 48 8b cb e8 45 02 00 00 48 8b f0
0x000000006d43ff2e:   4c 39 20 74 48 b9 18 00 00 00 e8 e3 6d 7c 00 48
0x000000006d43ff3e:   85 c0 74 05 48 89 30 eb 03 49 8b c4 4c 89 60 08
0x000000006d43ff4e:   4c 39 63 20 75 0a 4c 89 60 10 48 89 43 20 eb 10
0x000000006d43ff5e:   48 8b 4b 28 48 89 41 08 48 8b 4b 28 48 89 48 10
0x000000006d43ff6e:   ff c7 48 89 43 28 3b 7d 00 72 a7 eb 06 41 bf 02
0x000000006d43ff7e:   00 00 00 48 8b 74 24 40 48 8b 53 50 48 8d 4b 50
0x000000006d43ff8e:   48 8b 52 08 e8 69 69 03 00 48 8b 4b 50 48 8b 6c
0x000000006d43ff9e:   24 50 48 8b 7c 24 58 48 89 49 08 48 8b 4b 50 48
0x000000006d43ffae:   89 09 48 8b 4b 50 41 8b c7 48 89 49 10 4c 89 63
0x000000006d43ffbe:   58 48 8b 5c 24 48 48 83 c4 20 41 5f 41 5e 41 5c
0x000000006d43ffce:   c3 cc 40 53 48 83 ec 20 48 8b d9 33 c9 48 8b 43
0x000000006d43ffde:   20 48 3b 43 28 75 0c 48 85 c0 74 21 b9 01 00 00
0x000000006d43ffee:   00 eb 1a 48 85 c0 74 15 66 66 0f 1f 84 00 00 00
0x000000006d43fffe:   00 00 48 8b 40 08 ff c1 48 85 c0 75 f5 85 c9 48
0x000000006d44000e:   89 7c 24 30 0f 9f c0 84 c0 75 51 8b 43 18 39 43
0x000000006d44001e:   14 73 7c 48 8b cb e8 47 01 00 00 48 8b f8 48 83 


Stack slot to memory mapping:
stack at sp + 0 slots: 0x0000050000000000 is an unknown value
stack at sp + 1 slots: 0x00000186ee972fe0 points into unknown readable memory: 0x0000010000400000 | 00 00 40 00 00 01 00 00
stack at sp + 2 slots: 0x000000006ddd5e04 atio6axx.dll
stack at sp + 3 slots: 0x0000000000ca4000 is an unknown value
stack at sp + 4 slots: 0x0 is NULL
stack at sp + 5 slots: 0x0 is NULL
stack at sp + 6 slots: 0x00000186eca00880 points into unknown readable memory: 0x00000186ecc7ee30 | 30 ee c7 ec 86 01 00 00
stack at sp + 7 slots: 0x000000006d431e28 atio6axx.dll


---------------  P R O C E S S  ---------------

Threads class SMR info:
_java_thread_list=0x00000186ee036e80, length=13, elements={
0x00000186cc82e000, 0x00000186eab37800, 0x00000186eab41000, 0x00000186eb4b2800,
0x00000186eab32800, 0x00000186eab33800, 0x00000186eab47000, 0x00000186eb4f9800,
0x00000186eb4fa800, 0x00000186eb5fa000, 0x00000186eb8d8800, 0x00000186ec80a800,
0x00000186ec80e800
}

Java Threads: ( => current thread )
  0x00000186cc82e000 JavaThread "main" [_thread_blocked, id=4964, stack(0x0000000653800000,0x0000000653900000)]
  0x00000186eab37800 JavaThread "Reference Handler" daemon [_thread_blocked, id=17952, stack(0x0000000653f00000,0x0000000654000000)]
  0x00000186eab41000 JavaThread "Finalizer" daemon [_thread_blocked, id=3268, stack(0x0000000654000000,0x0000000654100000)]
  0x00000186eb4b2800 JavaThread "Signal Dispatcher" daemon [_thread_blocked, id=16428, stack(0x0000000654100000,0x0000000654200000)]
  0x00000186eab32800 JavaThread "Attach Listener" daemon [_thread_blocked, id=11220, stack(0x0000000654200000,0x0000000654300000)]
  0x00000186eab33800 JavaThread "Service Thread" daemon [_thread_blocked, id=14664, stack(0x0000000654300000,0x0000000654400000)]
  0x00000186eab47000 JavaThread "C2 CompilerThread0" daemon [_thread_blocked, id=17908, stack(0x0000000654400000,0x0000000654500000)]
  0x00000186eb4f9800 JavaThread "C1 CompilerThread0" daemon [_thread_blocked, id=1064, stack(0x0000000654500000,0x0000000654600000)]
  0x00000186eb4fa800 JavaThread "Sweeper thread" daemon [_thread_blocked, id=8812, stack(0x0000000654600000,0x0000000654700000)]
  0x00000186eb5fa000 JavaThread "Common-Cleaner" daemon [_thread_blocked, id=12180, stack(0x0000000654800000,0x0000000654900000)]
  0x00000186eb8d8800 JavaThread "EMF Reference Cleaner" daemon [_thread_blocked, id=12976, stack(0x0000000654a00000,0x0000000654b00000)]
  0x00000186ec80a800 JavaThread "com.google.inject.internal.util.$Finalizer" daemon [_thread_blocked, id=7744, stack(0x0000000654c00000,0x0000000654d00000)]
=>0x00000186ec80e800 JavaThread "LWJGL Application" [_thread_in_native, id=17488, stack(0x0000000655000000,0x0000000655100000)]

Other Threads:
  0x00000186eab23800 VMThread "VM Thread" [stack: 0x0000000653e00000,0x0000000653f00000] [id=16748]
  0x00000186eb5e8800 WatcherThread [stack: 0x0000000654700000,0x0000000654800000] [id=17912]
  0x00000186cc847000 GCTaskThread "GC Thread#0" [stack: 0x0000000653900000,0x0000000653a00000] [id=10032]
  0x00000186ebda7800 GCTaskThread "GC Thread#1" [stack: 0x0000000654b00000,0x0000000654c00000] [id=3724]
  0x00000186ebdac000 GCTaskThread "GC Thread#2" [stack: 0x0000000654e00000,0x0000000654f00000] [id=2272]
  0x00000186cc873800 ConcurrentGCThread "G1 Main Marker" [stack: 0x0000000653a00000,0x0000000653b00000] [id=5176]
  0x00000186cc876800 ConcurrentGCThread "G1 Conc#0" [stack: 0x0000000653b00000,0x0000000653c00000] [id=17632]
  0x00000186cc8f4000 ConcurrentGCThread "G1 Refine#0" [stack: 0x0000000653c00000,0x0000000653d00000] [id=12928]
  0x00000186cc8fa000 ConcurrentGCThread "G1 Young RemSet Sampling" [stack: 0x0000000653d00000,0x0000000653e00000] [id=15712]

Threads with active compile tasks:

VM state:not at safepoint (normal execution)

VM Mutex/Monitor currently owned by a thread: None

Heap address: 0x0000000088800000, size: 1912 MB, Compressed Oops mode: 32-bit
Narrow klass base: 0x0000000000000000, Narrow klass shift: 3
Compressed class space size: 1073741824 Address: 0x0000000100000000

Heap:
 garbage-first heap   total 150528K, used 27032K [0x0000000088800000, 0x0000000100000000)
  region size 1024K, 10 young (10240K), 4 survivors (4096K)
 Metaspace       used 27194K, capacity 27438K, committed 27520K, reserved 1073152K
  class space    used 3070K, capacity 3154K, committed 3200K, reserved 1048576K
Heap Regions: E=young(eden), S=young(survivor), O=old, HS=humongous(starts), HC=humongous(continues), CS=collection set, F=free, A=archive, TAMS=top-at-mark-start (previous, next)
|   0|0x0000000088800000, 0x0000000088900000, 0x0000000088900000|100%| O|  |TAMS 0x0000000088900000, 0x0000000088800000| Untracked 
|   1|0x0000000088900000, 0x0000000088a00000, 0x0000000088a00000|100%| O|  |TAMS 0x0000000088a00000, 0x0000000088900000| Untracked 
|   2|0x0000000088a00000, 0x0000000088b00000, 0x0000000088b00000|100%| O|  |TAMS 0x0000000088b00000, 0x0000000088a00000| Untracked 
|   3|0x0000000088b00000, 0x0000000088c00000, 0x0000000088c00000|100%| O|  |TAMS 0x0000000088c00000, 0x0000000088b00000| Untracked 
|   4|0x0000000088c00000, 0x0000000088d00000, 0x0000000088d00000|100%| O|  |TAMS 0x0000000088d00000, 0x0000000088c00000| Untracked 
|   5|0x0000000088d00000, 0x0000000088e00000, 0x0000000088e00000|100%| O|  |TAMS 0x0000000088e00000, 0x0000000088d00000| Untracked 
|   6|0x0000000088e00000, 0x0000000088f00000, 0x0000000088f00000|100%| O|  |TAMS 0x0000000088f00000, 0x0000000088e00000| Untracked 
|   7|0x0000000088f00000, 0x0000000089000000, 0x0000000089000000|100%| O|  |TAMS 0x0000000089000000, 0x0000000088f00000| Untracked 
|   8|0x0000000089000000, 0x0000000089100000, 0x0000000089100000|100%| O|  |TAMS 0x0000000089100000, 0x0000000089000000| Untracked 
|   9|0x0000000089100000, 0x0000000089200000, 0x0000000089200000|100%| O|  |TAMS 0x0000000089200000, 0x0000000089100000| Untracked 
|  10|0x0000000089200000, 0x0000000089300000, 0x0000000089300000|100%| O|  |TAMS 0x000000008926d000, 0x0000000089200000| Untracked 
|  11|0x0000000089300000, 0x0000000089400000, 0x0000000089400000|100%| O|  |TAMS 0x0000000089400000, 0x0000000089300000| Untracked 
|  12|0x0000000089400000, 0x0000000089500000, 0x0000000089500000|100%| O|  |TAMS 0x0000000089500000, 0x0000000089400000| Untracked 
|  13|0x0000000089500000, 0x0000000089600000, 0x0000000089600000|100%| O|  |TAMS 0x0000000089600000, 0x0000000089500000| Untracked 
|  14|0x0000000089600000, 0x0000000089700000, 0x0000000089700000|100%| O|  |TAMS 0x0000000089700000, 0x0000000089600000| Untracked 
|  15|0x0000000089700000, 0x0000000089800000, 0x0000000089800000|100%| O|  |TAMS 0x0000000089700000, 0x0000000089700000| Untracked 
|  16|0x0000000089800000, 0x0000000089900000, 0x0000000089900000|100%| O|  |TAMS 0x0000000089800000, 0x0000000089800000| Untracked 
|  17|0x0000000089900000, 0x000000008996d200, 0x0000000089a00000| 42%| O|  |TAMS 0x0000000089900000, 0x0000000089900000| Untracked 
|  18|0x0000000089a00000, 0x0000000089a00000, 0x0000000089b00000|  0%| F|  |TAMS 0x0000000089a00000, 0x0000000089a00000| Untracked 
|  19|0x0000000089b00000, 0x0000000089b00000, 0x0000000089c00000|  0%| F|  |TAMS 0x0000000089b00000, 0x0000000089b00000| Untracked 
|  20|0x0000000089c00000, 0x0000000089c00000, 0x0000000089d00000|  0%| F|  |TAMS 0x0000000089c00000, 0x0000000089c00000| Untracked 
|  21|0x0000000089d00000, 0x0000000089d00000, 0x0000000089e00000|  0%| F|  |TAMS 0x0000000089d00000, 0x0000000089d00000| Untracked 
|  22|0x0000000089e00000, 0x0000000089e00000, 0x0000000089f00000|  0%| F|  |TAMS 0x0000000089e00000, 0x0000000089e00000| Untracked 
|  23|0x0000000089f00000, 0x0000000089f00000, 0x000000008a000000|  0%| F|  |TAMS 0x0000000089f00000, 0x0000000089f00000| Untracked 
|  24|0x000000008a000000, 0x000000008a000000, 0x000000008a100000|  0%| F|  |TAMS 0x000000008a000000, 0x000000008a000000| Untracked 
|  25|0x000000008a100000, 0x000000008a100000, 0x000000008a200000|  0%| F|  |TAMS 0x000000008a100000, 0x000000008a100000| Untracked 
|  26|0x000000008a200000, 0x000000008a200000, 0x000000008a300000|  0%| F|  |TAMS 0x000000008a200000, 0x000000008a200000| Untracked 
|  27|0x000000008a300000, 0x000000008a300000, 0x000000008a400000|  0%| F|  |TAMS 0x000000008a300000, 0x000000008a300000| Untracked 
|  28|0x000000008a400000, 0x000000008a400000, 0x000000008a500000|  0%| F|  |TAMS 0x000000008a400000, 0x000000008a400000| Untracked 
|  29|0x000000008a500000, 0x000000008a500000, 0x000000008a600000|  0%| F|  |TAMS 0x000000008a500000, 0x000000008a500000| Untracked 
|  30|0x000000008a600000, 0x000000008a600000, 0x000000008a700000|  0%| F|  |TAMS 0x000000008a600000, 0x000000008a600000| Untracked 
|  31|0x000000008a700000, 0x000000008a700000, 0x000000008a800000|  0%| F|  |TAMS 0x000000008a700000, 0x000000008a700000| Untracked 
|  32|0x000000008a800000, 0x000000008a800000, 0x000000008a900000|  0%| F|  |TAMS 0x000000008a800000, 0x000000008a800000| Untracked 
|  33|0x000000008a900000, 0x000000008a900000, 0x000000008aa00000|  0%| F|  |TAMS 0x000000008a900000, 0x000000008a900000| Untracked 
|  34|0x000000008aa00000, 0x000000008aa00000, 0x000000008ab00000|  0%| F|  |TAMS 0x000000008aa00000, 0x000000008aa00000| Untracked 
|  35|0x000000008ab00000, 0x000000008ab00000, 0x000000008ac00000|  0%| F|  |TAMS 0x000000008ab00000, 0x000000008ab00000| Untracked 
|  36|0x000000008ac00000, 0x000000008ac00000, 0x000000008ad00000|  0%| F|  |TAMS 0x000000008ac00000, 0x000000008ac00000| Untracked 
|  37|0x000000008ad00000, 0x000000008ad00000, 0x000000008ae00000|  0%| F|  |TAMS 0x000000008ad00000, 0x000000008ad00000| Untracked 
|  38|0x000000008ae00000, 0x000000008ae00000, 0x000000008af00000|  0%| F|  |TAMS 0x000000008ae00000, 0x000000008ae00000| Untracked 
|  39|0x000000008af00000, 0x000000008af00000, 0x000000008b000000|  0%| F|  |TAMS 0x000000008af00000, 0x000000008af00000| Untracked 
|  40|0x000000008b000000, 0x000000008b000000, 0x000000008b100000|  0%| F|  |TAMS 0x000000008b000000, 0x000000008b000000| Untracked 
|  41|0x000000008b100000, 0x000000008b100000, 0x000000008b200000|  0%| F|  |TAMS 0x000000008b100000, 0x000000008b100000| Untracked 
|  42|0x000000008b200000, 0x000000008b200000, 0x000000008b300000|  0%| F|  |TAMS 0x000000008b200000, 0x000000008b200000| Untracked 
|  43|0x000000008b300000, 0x000000008b300000, 0x000000008b400000|  0%| F|  |TAMS 0x000000008b300000, 0x000000008b300000| Untracked 
|  44|0x000000008b400000, 0x000000008b400000, 0x000000008b500000|  0%| F|  |TAMS 0x000000008b400000, 0x000000008b400000| Untracked 
|  45|0x000000008b500000, 0x000000008b500000, 0x000000008b600000|  0%| F|  |TAMS 0x000000008b500000, 0x000000008b500000| Untracked 
|  46|0x000000008b600000, 0x000000008b600000, 0x000000008b700000|  0%| F|  |TAMS 0x000000008b600000, 0x000000008b600000| Untracked 
|  47|0x000000008b700000, 0x000000008b700000, 0x000000008b800000|  0%| F|  |TAMS 0x000000008b700000, 0x000000008b700000| Untracked 
|  48|0x000000008b800000, 0x000000008b800000, 0x000000008b900000|  0%| F|  |TAMS 0x000000008b800000, 0x000000008b800000| Untracked 
|  49|0x000000008b900000, 0x000000008b900000, 0x000000008ba00000|  0%| F|  |TAMS 0x000000008b900000, 0x000000008b900000| Untracked 
|  50|0x000000008ba00000, 0x000000008ba00000, 0x000000008bb00000|  0%| F|  |TAMS 0x000000008ba00000, 0x000000008ba00000| Untracked 
|  51|0x000000008bb00000, 0x000000008bb00000, 0x000000008bc00000|  0%| F|  |TAMS 0x000000008bb00000, 0x000000008bb00000| Untracked 
|  52|0x000000008bc00000, 0x000000008bc00000, 0x000000008bd00000|  0%| F|  |TAMS 0x000000008bc00000, 0x000000008bc00000| Untracked 
|  53|0x000000008bd00000, 0x000000008bd00000, 0x000000008be00000|  0%| F|  |TAMS 0x000000008bd00000, 0x000000008bd00000| Untracked 
|  54|0x000000008be00000, 0x000000008be00000, 0x000000008bf00000|  0%| F|  |TAMS 0x000000008be00000, 0x000000008be00000| Untracked 
|  55|0x000000008bf00000, 0x000000008bf00000, 0x000000008c000000|  0%| F|  |TAMS 0x000000008bf00000, 0x000000008bf00000| Untracked 
|  56|0x000000008c000000, 0x000000008c000000, 0x000000008c100000|  0%| F|  |TAMS 0x000000008c000000, 0x000000008c000000| Untracked 
|  57|0x000000008c100000, 0x000000008c100000, 0x000000008c200000|  0%| F|  |TAMS 0x000000008c100000, 0x000000008c100000| Untracked 
|  58|0x000000008c200000, 0x000000008c200000, 0x000000008c300000|  0%| F|  |TAMS 0x000000008c200000, 0x000000008c200000| Untracked 
|  59|0x000000008c300000, 0x000000008c300000, 0x000000008c400000|  0%| F|  |TAMS 0x000000008c300000, 0x000000008c300000| Untracked 
|  60|0x000000008c400000, 0x000000008c400000, 0x000000008c500000|  0%| F|  |TAMS 0x000000008c400000, 0x000000008c400000| Untracked 
|  61|0x000000008c500000, 0x000000008c500000, 0x000000008c600000|  0%| F|  |TAMS 0x000000008c500000, 0x000000008c500000| Untracked 
|  62|0x000000008c600000, 0x000000008c600000, 0x000000008c700000|  0%| F|  |TAMS 0x000000008c600000, 0x000000008c600000| Untracked 
|  63|0x000000008c700000, 0x000000008c700000, 0x000000008c800000|  0%| F|  |TAMS 0x000000008c700000, 0x000000008c700000| Untracked 
|  64|0x000000008c800000, 0x000000008c800000, 0x000000008c900000|  0%| F|  |TAMS 0x000000008c800000, 0x000000008c800000| Untracked 
|  65|0x000000008c900000, 0x000000008c900000, 0x000000008ca00000|  0%| F|  |TAMS 0x000000008c900000, 0x000000008c900000| Untracked 
|  66|0x000000008ca00000, 0x000000008ca00000, 0x000000008cb00000|  0%| F|  |TAMS 0x000000008ca00000, 0x000000008ca00000| Untracked 
|  67|0x000000008cb00000, 0x000000008cb00000, 0x000000008cc00000|  0%| F|  |TAMS 0x000000008cb00000, 0x000000008cb00000| Untracked 
|  68|0x000000008cc00000, 0x000000008cc00000, 0x000000008cd00000|  0%| F|  |TAMS 0x000000008cc00000, 0x000000008cc00000| Untracked 
|  69|0x000000008cd00000, 0x000000008cd00000, 0x000000008ce00000|  0%| F|  |TAMS 0x000000008cd00000, 0x000000008cd00000| Untracked 
|  70|0x000000008ce00000, 0x000000008ce00000, 0x000000008cf00000|  0%| F|  |TAMS 0x000000008ce00000, 0x000000008ce00000| Untracked 
|  71|0x000000008cf00000, 0x000000008cf00000, 0x000000008d000000|  0%| F|  |TAMS 0x000000008cf00000, 0x000000008cf00000| Untracked 
|  72|0x000000008d000000, 0x000000008d000000, 0x000000008d100000|  0%| F|  |TAMS 0x000000008d000000, 0x000000008d000000| Untracked 
|  73|0x000000008d100000, 0x000000008d100000, 0x000000008d200000|  0%| F|  |TAMS 0x000000008d100000, 0x000000008d100000| Untracked 
|  74|0x000000008d200000, 0x000000008d200000, 0x000000008d300000|  0%| F|  |TAMS 0x000000008d200000, 0x000000008d200000| Untracked 
|  75|0x000000008d300000, 0x000000008d300000, 0x000000008d400000|  0%| F|  |TAMS 0x000000008d300000, 0x000000008d300000| Untracked 
|  76|0x000000008d400000, 0x000000008d400000, 0x000000008d500000|  0%| F|  |TAMS 0x000000008d400000, 0x000000008d400000| Untracked 
|  77|0x000000008d500000, 0x000000008d500000, 0x000000008d600000|  0%| F|  |TAMS 0x000000008d500000, 0x000000008d500000| Untracked 
|  78|0x000000008d600000, 0x000000008d600000, 0x000000008d700000|  0%| F|  |TAMS 0x000000008d600000, 0x000000008d600000| Untracked 
|  79|0x000000008d700000, 0x000000008d700000, 0x000000008d800000|  0%| F|  |TAMS 0x000000008d700000, 0x000000008d700000| Untracked 
|  80|0x000000008d800000, 0x000000008d800000, 0x000000008d900000|  0%| F|  |TAMS 0x000000008d800000, 0x000000008d800000| Untracked 
|  81|0x000000008d900000, 0x000000008d900000, 0x000000008da00000|  0%| F|  |TAMS 0x000000008d900000, 0x000000008d900000| Untracked 
|  82|0x000000008da00000, 0x000000008da00000, 0x000000008db00000|  0%| F|  |TAMS 0x000000008da00000, 0x000000008da00000| Untracked 
|  83|0x000000008db00000, 0x000000008db00000, 0x000000008dc00000|  0%| F|  |TAMS 0x000000008db00000, 0x000000008db00000| Untracked 
|  84|0x000000008dc00000, 0x000000008dc00000, 0x000000008dd00000|  0%| F|  |TAMS 0x000000008dc00000, 0x000000008dc00000| Untracked 
|  85|0x000000008dd00000, 0x000000008dd00000, 0x000000008de00000|  0%| F|  |TAMS 0x000000008dd00000, 0x000000008dd00000| Untracked 
|  86|0x000000008de00000, 0x000000008de00000, 0x000000008df00000|  0%| F|  |TAMS 0x000000008de00000, 0x000000008de00000| Untracked 
|  87|0x000000008df00000, 0x000000008df00000, 0x000000008e000000|  0%| F|  |TAMS 0x000000008df00000, 0x000000008df00000| Untracked 
|  88|0x000000008e000000, 0x000000008e000000, 0x000000008e100000|  0%| F|  |TAMS 0x000000008e000000, 0x000000008e000000| Untracked 
|  89|0x000000008e100000, 0x000000008e100000, 0x000000008e200000|  0%| F|  |TAMS 0x000000008e100000, 0x000000008e100000| Untracked 
|  90|0x000000008e200000, 0x000000008e200000, 0x000000008e300000|  0%| F|  |TAMS 0x000000008e200000, 0x000000008e200000| Untracked 
|  91|0x000000008e300000, 0x000000008e300000, 0x000000008e400000|  0%| F|  |TAMS 0x000000008e300000, 0x000000008e300000| Untracked 
|  92|0x000000008e400000, 0x000000008e400000, 0x000000008e500000|  0%| F|  |TAMS 0x000000008e400000, 0x000000008e400000| Untracked 
|  93|0x000000008e500000, 0x000000008e500000, 0x000000008e600000|  0%| F|  |TAMS 0x000000008e500000, 0x000000008e500000| Untracked 
|  94|0x000000008e600000, 0x000000008e600000, 0x000000008e700000|  0%| F|  |TAMS 0x000000008e600000, 0x000000008e600000| Untracked 
|  95|0x000000008e700000, 0x000000008e700000, 0x000000008e800000|  0%| F|  |TAMS 0x000000008e700000, 0x000000008e700000| Untracked 
|  96|0x000000008e800000, 0x000000008e800000, 0x000000008e900000|  0%| F|  |TAMS 0x000000008e800000, 0x000000008e800000| Untracked 
|  97|0x000000008e900000, 0x000000008e900000, 0x000000008ea00000|  0%| F|  |TAMS 0x000000008e900000, 0x000000008e900000| Untracked 
|  98|0x000000008ea00000, 0x000000008ea00000, 0x000000008eb00000|  0%| F|  |TAMS 0x000000008ea00000, 0x000000008ea00000| Untracked 
|  99|0x000000008eb00000, 0x000000008eb00000, 0x000000008ec00000|  0%| F|  |TAMS 0x000000008eb00000, 0x000000008eb00000| Untracked 
| 100|0x000000008ec00000, 0x000000008ec00000, 0x000000008ed00000|  0%| F|  |TAMS 0x000000008ec00000, 0x000000008ec00000| Untracked 
| 101|0x000000008ed00000, 0x000000008ed00000, 0x000000008ee00000|  0%| F|  |TAMS 0x000000008ed00000, 0x000000008ed00000| Untracked 
| 102|0x000000008ee00000, 0x000000008eef9140, 0x000000008ef00000| 97%| S|CS|TAMS 0x000000008ee00000, 0x000000008ee00000| Complete 
| 103|0x000000008ef00000, 0x000000008f000000, 0x000000008f000000|100%| S|CS|TAMS 0x000000008ef00000, 0x000000008ef00000| Complete 
| 104|0x000000008f000000, 0x000000008f100000, 0x000000008f100000|100%| S|CS|TAMS 0x000000008f000000, 0x000000008f000000| Complete 
| 105|0x000000008f100000, 0x000000008f200000, 0x000000008f200000|100%| S|CS|TAMS 0x000000008f100000, 0x000000008f100000| Complete 
| 106|0x000000008f200000, 0x000000008f200000, 0x000000008f300000|  0%| F|  |TAMS 0x000000008f200000, 0x000000008f200000| Untracked 
| 107|0x000000008f300000, 0x000000008f300000, 0x000000008f400000|  0%| F|  |TAMS 0x000000008f300000, 0x000000008f300000| Untracked 
| 108|0x000000008f400000, 0x000000008f400000, 0x000000008f500000|  0%| F|  |TAMS 0x000000008f400000, 0x000000008f400000| Untracked 
| 109|0x000000008f500000, 0x000000008f500000, 0x000000008f600000|  0%| F|  |TAMS 0x000000008f500000, 0x000000008f500000| Untracked 
| 110|0x000000008f600000, 0x000000008f600000, 0x000000008f700000|  0%| F|  |TAMS 0x000000008f600000, 0x000000008f600000| Untracked 
| 111|0x000000008f700000, 0x000000008f700000, 0x000000008f800000|  0%| F|  |TAMS 0x000000008f700000, 0x000000008f700000| Untracked 
| 112|0x000000008f800000, 0x000000008f800000, 0x000000008f900000|  0%| F|  |TAMS 0x000000008f800000, 0x000000008f800000| Untracked 
| 113|0x000000008f900000, 0x000000008f900000, 0x000000008fa00000|  0%| F|  |TAMS 0x000000008f900000, 0x000000008f900000| Untracked 
| 114|0x000000008fa00000, 0x000000008fa00000, 0x000000008fb00000|  0%| F|  |TAMS 0x000000008fa00000, 0x000000008fa00000| Untracked 
| 115|0x000000008fb00000, 0x000000008fb00000, 0x000000008fc00000|  0%| F|  |TAMS 0x000000008fb00000, 0x000000008fb00000| Untracked 
| 116|0x000000008fc00000, 0x000000008fc00000, 0x000000008fd00000|  0%| F|  |TAMS 0x000000008fc00000, 0x000000008fc00000| Untracked 
| 117|0x000000008fd00000, 0x000000008fd00000, 0x000000008fe00000|  0%| F|  |TAMS 0x000000008fd00000, 0x000000008fd00000| Untracked 
| 118|0x000000008fe00000, 0x000000008fe00000, 0x000000008ff00000|  0%| F|  |TAMS 0x000000008fe00000, 0x000000008fe00000| Untracked 
| 119|0x000000008ff00000, 0x000000008ff00000, 0x0000000090000000|  0%| F|  |TAMS 0x000000008ff00000, 0x000000008ff00000| Untracked 
| 120|0x0000000090000000, 0x0000000090000000, 0x0000000090100000|  0%| F|  |TAMS 0x0000000090000000, 0x0000000090000000| Untracked 
| 121|0x0000000090100000, 0x0000000090100000, 0x0000000090200000|  0%| F|  |TAMS 0x0000000090100000, 0x0000000090100000| Untracked 
| 122|0x0000000090200000, 0x0000000090200000, 0x0000000090300000|  0%| F|  |TAMS 0x0000000090200000, 0x0000000090200000| Untracked 
| 123|0x0000000090300000, 0x0000000090300000, 0x0000000090400000|  0%| F|  |TAMS 0x0000000090300000, 0x0000000090300000| Untracked 
| 124|0x0000000090400000, 0x0000000090400000, 0x0000000090500000|  0%| F|  |TAMS 0x0000000090400000, 0x0000000090400000| Untracked 
| 125|0x0000000090500000, 0x0000000090500000, 0x0000000090600000|  0%| F|  |TAMS 0x0000000090500000, 0x0000000090500000| Untracked 
| 126|0x0000000090600000, 0x0000000090600000, 0x0000000090700000|  0%| F|  |TAMS 0x0000000090600000, 0x0000000090600000| Untracked 
| 127|0x0000000090700000, 0x0000000090700000, 0x0000000090800000|  0%| F|  |TAMS 0x0000000090700000, 0x0000000090700000| Untracked 
| 128|0x0000000090800000, 0x0000000090800000, 0x0000000090900000|  0%| F|  |TAMS 0x0000000090800000, 0x0000000090800000| Untracked 
| 129|0x0000000090900000, 0x0000000090900000, 0x0000000090a00000|  0%| F|  |TAMS 0x0000000090900000, 0x0000000090900000| Untracked 
| 130|0x0000000090a00000, 0x0000000090a00000, 0x0000000090b00000|  0%| F|  |TAMS 0x0000000090a00000, 0x0000000090a00000| Untracked 
| 131|0x0000000090b00000, 0x0000000090b00000, 0x0000000090c00000|  0%| F|  |TAMS 0x0000000090b00000, 0x0000000090b00000| Untracked 
| 132|0x0000000090c00000, 0x0000000090c00000, 0x0000000090d00000|  0%| F|  |TAMS 0x0000000090c00000, 0x0000000090c00000| Untracked 
| 133|0x0000000090d00000, 0x0000000090d00000, 0x0000000090e00000|  0%| F|  |TAMS 0x0000000090d00000, 0x0000000090d00000| Untracked 
| 134|0x0000000090e00000, 0x0000000090e00000, 0x0000000090f00000|  0%| F|  |TAMS 0x0000000090e00000, 0x0000000090e00000| Untracked 
| 135|0x0000000090f00000, 0x0000000090f00000, 0x0000000091000000|  0%| F|  |TAMS 0x0000000090f00000, 0x0000000090f00000| Untracked 
| 136|0x0000000091000000, 0x0000000091000000, 0x0000000091100000|  0%| F|  |TAMS 0x0000000091000000, 0x0000000091000000| Untracked 
| 137|0x0000000091100000, 0x0000000091100000, 0x0000000091200000|  0%| F|  |TAMS 0x0000000091100000, 0x0000000091100000| Untracked 
| 138|0x0000000091200000, 0x0000000091200000, 0x0000000091300000|  0%| F|  |TAMS 0x0000000091200000, 0x0000000091200000| Untracked 
| 139|0x0000000091300000, 0x0000000091300000, 0x0000000091400000|  0%| F|  |TAMS 0x0000000091300000, 0x0000000091300000| Untracked 
| 140|0x0000000091400000, 0x0000000091400000, 0x0000000091500000|  0%| F|  |TAMS 0x0000000091400000, 0x0000000091400000| Untracked 
| 141|0x0000000091500000, 0x0000000091580c48, 0x0000000091600000| 50%| E|  |TAMS 0x0000000091500000, 0x0000000091500000| Complete 
| 142|0x0000000091600000, 0x0000000091700000, 0x0000000091700000|100%| E|CS|TAMS 0x0000000091600000, 0x0000000091600000| Complete 
| 143|0x0000000091700000, 0x0000000091800000, 0x0000000091800000|100%| E|CS|TAMS 0x0000000091700000, 0x0000000091700000| Complete 
| 144|0x0000000091800000, 0x0000000091900000, 0x0000000091900000|100%| E|CS|TAMS 0x0000000091800000, 0x0000000091800000| Complete 
| 145|0x0000000091900000, 0x0000000091a00000, 0x0000000091a00000|100%| E|CS|TAMS 0x0000000091900000, 0x0000000091900000| Complete 
| 146|0x0000000091a00000, 0x0000000091b00000, 0x0000000091b00000|100%| E|CS|TAMS 0x0000000091a00000, 0x0000000091a00000| Complete 

Card table byte_map: [0x00000186e4300000,0x00000186e46c0000] _byte_map_base: 0x00000186e3ebc000

Marking Bits (Prev, Next): (CMBitMap*) 0x00000186cc86b6c0, (CMBitMap*) 0x00000186cc86b688
 Prev Bits: [0x00000186e6860000, 0x00000186e8640000)
 Next Bits: [0x00000186e4a80000, 0x00000186e6860000)

Polling page: 0x00000186ca6d0000

Metaspace:

Usage:
  Non-class:     23.71 MB capacity,    23.56 MB (>99%) used,   125.42 KB ( <1%) free+waste,    34.81 KB ( <1%) overhead. 
      Class:      3.08 MB capacity,     3.00 MB ( 97%) used,    69.94 KB (  2%) free+waste,    13.75 KB ( <1%) overhead. 
       Both:     26.79 MB capacity,    26.56 MB (>99%) used,   195.36 KB ( <1%) free+waste,    48.56 KB ( <1%) overhead. 

Virtual space:
  Non-class space:       24.00 MB reserved,      23.75 MB ( 99%) committed 
      Class space:        1.00 GB reserved,       3.13 MB ( <1%) committed 
             Both:        1.02 GB reserved,      26.88 MB (  3%) committed 

Chunk freelists:
   Non-Class:  36.00 KB
       Class:  14.00 KB
        Both:  50.00 KB

MaxMetaspaceSize: 17179869184.00 GB
CompressedClassSpaceSize: 1.00 GB
Initial GC threshold: 20.80 MB
Current GC threshold: 35.00 MB
CDS: off

CodeHeap 'non-profiled nmethods': size=120064Kb used=1863Kb max_used=1863Kb free=118200Kb
 bounds [0x00000186dca00000, 0x00000186dcc70000, 0x00000186e3f40000]
CodeHeap 'profiled nmethods': size=120000Kb used=7697Kb max_used=7697Kb free=112302Kb
 bounds [0x00000186d54d0000, 0x00000186d5c60000, 0x00000186dca00000]
CodeHeap 'non-nmethods': size=5696Kb used=1246Kb max_used=1265Kb free=4449Kb
 bounds [0x00000186d4f40000, 0x00000186d51b0000, 0x00000186d54d0000]
 total_blobs=4130 nmethods=3609 adapters=434
 compilation: enabled
              stopped_count=0, restarted_count=0
 full_count=0

Compilation events (20 events):
Event: 13.096 Thread 0x00000186eb4f9800 3604       3       jdk.internal.org.objectweb.asm.MethodWriter::visitInsn (114 bytes)
Event: 13.097 Thread 0x00000186eb4f9800 nmethod 3604 0x00000186d5c51f90 code [0x00000186d5c52180, 0x00000186d5c525a8]
Event: 13.097 Thread 0x00000186eb4f9800 3605       3       java.nio.CharBuffer::arrayOffset (35 bytes)
Event: 13.098 Thread 0x00000186eb4f9800 nmethod 3605 0x00000186d5c52790 code [0x00000186d5c52960, 0x00000186d5c52c18]
Event: 13.098 Thread 0x00000186eab47000 3606       4       java.util.StringTokenizer::scanToken (179 bytes)
Event: 13.119 Thread 0x00000186eab47000 nmethod 3606 0x00000186dcbd0a90 code [0x00000186dcbd0c20, 0x00000186dcbd0f98]
Event: 13.507 Thread 0x00000186eb4f9800 3608       3       java.lang.reflect.Field::checkAccess (32 bytes)
Event: 13.508 Thread 0x00000186eb4f9800 nmethod 3608 0x00000186d5c52d90 code [0x00000186d5c52f60, 0x00000186d5c531e8]
Event: 13.514 Thread 0x00000186eb4f9800 3610       3       jdk.internal.misc.Unsafe::staticFieldBase (18 bytes)
Event: 13.515 Thread 0x00000186eb4f9800 nmethod 3610 0x00000186d5c53310 code [0x00000186d5c534e0, 0x00000186d5c536f8]
Event: 13.515 Thread 0x00000186eb4f9800 3609       3       jdk.internal.reflect.UnsafeStaticFieldAccessorImpl::<init> (17 bytes)
Event: 13.516 Thread 0x00000186eb4f9800 nmethod 3609 0x00000186d5c53810 code [0x00000186d5c53a00, 0x00000186d5c53d48]
Event: 14.629 Thread 0x00000186eab47000 3611       4       java.nio.Buffer::nextGetIndex (30 bytes)
Event: 14.631 Thread 0x00000186eab47000 nmethod 3611 0x00000186dcbd1690 code [0x00000186dcbd1820, 0x00000186dcbd18b8]
Event: 14.655 Thread 0x00000186eb4f9800 3612       3       java.nio.Buffer::remaining (20 bytes)
Event: 14.656 Thread 0x00000186eb4f9800 nmethod 3612 0x00000186d5c53e90 code [0x00000186d5c54040, 0x00000186d5c54198]
Event: 14.922 Thread 0x00000186eab47000 3613   !   4       java.nio.DirectByteBuffer::put (32 bytes)
Event: 14.925 Thread 0x00000186eab47000 nmethod 3613 0x00000186dcbd1990 code [0x00000186dcbd1b20, 0x00000186dcbd1bd8]
Event: 15.245 Thread 0x00000186eb4f9800 3614       3       java.lang.Character::isSurrogate (18 bytes)
Event: 15.245 Thread 0x00000186eb4f9800 nmethod 3614 0x00000186d5c54210 code [0x00000186d5c543c0, 0x00000186d5c54538]

GC Heap History (12 events):
Event: 1.401 GC heap before
{Heap before GC invocations=0 (full 0):
 garbage-first heap   total 122880K, used 14336K [0x0000000088800000, 0x0000000100000000)
  region size 1024K, 14 young (14336K), 0 survivors (0K)
 Metaspace       used 8018K, capacity 8096K, committed 8192K, reserved 1056768K
  class space    used 686K, capacity 691K, committed 768K, reserved 1048576K
}
Event: 1.437 GC heap after
{Heap after GC invocations=1 (full 0):
 garbage-first heap   total 122880K, used 4845K [0x0000000088800000, 0x0000000100000000)
  region size 1024K, 2 young (2048K), 2 survivors (2048K)
 Metaspace       used 8018K, capacity 8096K, committed 8192K, reserved 1056768K
  class space    used 686K, capacity 691K, committed 768K, reserved 1048576K
}
Event: 2.659 GC heap before
{Heap before GC invocations=1 (full 0):
 garbage-first heap   total 122880K, used 29421K [0x0000000088800000, 0x0000000100000000)
  region size 1024K, 27 young (27648K), 2 survivors (2048K)
 Metaspace       used 10364K, capacity 10560K, committed 10752K, reserved 1058816K
  class space    used 956K, capacity 1024K, committed 1024K, reserved 1048576K
}
Event: 2.673 GC heap after
{Heap after GC invocations=2 (full 0):
 garbage-first heap   total 122880K, used 9351K [0x0000000088800000, 0x0000000100000000)
  region size 1024K, 4 young (4096K), 4 survivors (4096K)
 Metaspace       used 10364K, capacity 10560K, committed 10752K, reserved 1058816K
  class space    used 956K, capacity 1024K, committed 1024K, reserved 1048576K
}
Event: 4.298 GC heap before
{Heap before GC invocations=2 (full 0):
 garbage-first heap   total 122880K, used 40071K [0x0000000088800000, 0x0000000100000000)
  region size 1024K, 29 young (29696K), 4 survivors (4096K)
 Metaspace       used 15837K, capacity 16050K, committed 16128K, reserved 1062912K
  class space    used 1675K, capacity 1746K, committed 1792K, reserved 1048576K
}
Event: 4.324 GC heap after
{Heap after GC invocations=3 (full 0):
 garbage-first heap   total 122880K, used 13523K [0x0000000088800000, 0x0000000100000000)
  region size 1024K, 4 young (4096K), 4 survivors (4096K)
 Metaspace       used 15837K, capacity 16050K, committed 16128K, reserved 1062912K
  class space    used 1675K, capacity 1746K, committed 1792K, reserved 1048576K
}
Event: 5.938 GC heap before
{Heap before GC invocations=3 (full 0):
 garbage-first heap   total 122880K, used 44243K [0x0000000088800000, 0x0000000100000000)
  region size 1024K, 35 young (35840K), 4 survivors (4096K)
 Metaspace       used 19617K, capacity 19774K, committed 19968K, reserved 1067008K
  class space    used 2208K, capacity 2272K, committed 2304K, reserved 1048576K
}
Event: 5.961 GC heap after
{Heap after GC invocations=4 (full 0):
 garbage-first heap   total 122880K, used 17408K [0x0000000088800000, 0x0000000100000000)
  region size 1024K, 5 young (5120K), 5 survivors (5120K)
 Metaspace       used 19617K, capacity 19774K, committed 19968K, reserved 1067008K
  class space    used 2208K, capacity 2272K, committed 2304K, reserved 1048576K
}
Event: 6.524 GC heap before
{Heap before GC invocations=4 (full 0):
 garbage-first heap   total 122880K, used 22528K [0x0000000088800000, 0x0000000100000000)
  region size 1024K, 11 young (11264K), 5 survivors (5120K)
 Metaspace       used 20959K, capacity 21124K, committed 21248K, reserved 1069056K
  class space    used 2401K, capacity 2465K, committed 2560K, reserved 1048576K
}
Event: 6.550 GC heap after
{Heap after GC invocations=5 (full 0):
 garbage-first heap   total 150528K, used 18764K [0x0000000088800000, 0x0000000100000000)
  region size 1024K, 4 young (4096K), 4 survivors (4096K)
 Metaspace       used 20959K, capacity 21124K, committed 21248K, reserved 1069056K
  class space    used 2401K, capacity 2465K, committed 2560K, reserved 1048576K
}
Event: 11.231 GC heap before
{Heap before GC invocations=6 (full 0):
 garbage-first heap   total 150528K, used 56652K [0x0000000088800000, 0x0000000100000000)
  region size 1024K, 41 young (41984K), 4 survivors (4096K)
 Metaspace       used 25476K, capacity 25748K, committed 25856K, reserved 1073152K
  class space    used 2910K, capacity 3016K, committed 3072K, reserved 1048576K
}
Event: 11.277 GC heap after
{Heap after GC invocations=7 (full 0):
 garbage-first heap   total 150528K, used 21912K [0x0000000088800000, 0x0000000100000000)
  region size 1024K, 4 young (4096K), 4 survivors (4096K)
 Metaspace       used 25476K, capacity 25748K, committed 25856K, reserved 1073152K
  class space    used 2910K, capacity 3016K, committed 3072K, reserved 1048576K
}

Deoptimization events (20 events):
Event: 8.662 Thread 0x00000186cc82e000 DEOPT PACKING pc=0x00000186d5998b97 sp=0x00000006538fb900
Event: 8.662 Thread 0x00000186cc82e000 DEOPT UNPACKING pc=0x00000186d4f8a95e sp=0x00000006538faea0 mode 0
Event: 8.664 Thread 0x00000186cc82e000 DEOPT PACKING pc=0x00000186d59b7707 sp=0x00000006538fbac0
Event: 8.664 Thread 0x00000186cc82e000 DEOPT UNPACKING pc=0x00000186d4f8a95e sp=0x00000006538faf48 mode 0
Event: 11.115 Thread 0x00000186cc82e000 Uncommon trap: trap_request=0xffffff4d fr.pc=0x00000186dcb88118 relative=0x0000000000000078
Event: 11.115 Thread 0x00000186cc82e000 Uncommon trap: reason=unstable_if action=reinterpret pc=0x00000186dcb88118 method=org.uqbar.project.wollok.wollokDsl.impl.WMemberFeatureCallImpl.eIsSet(I)Z @ 104 c2
Event: 11.115 Thread 0x00000186cc82e000 DEOPT PACKING pc=0x00000186dcb88118 sp=0x00000006538fe490
Event: 11.115 Thread 0x00000186cc82e000 DEOPT UNPACKING pc=0x00000186d4f8a1af sp=0x00000006538fe420 mode 2
Event: 11.380 Thread 0x00000186cc82e000 Uncommon trap: trap_request=0xffffff4d fr.pc=0x00000186dcb00238 relative=0x0000000000002898
Event: 11.380 Thread 0x00000186cc82e000 Uncommon trap: reason=unstable_if action=reinterpret pc=0x00000186dcb00238 method=jdk.internal.loader.URLClassPath.getResource(Ljava/lang/String;Z)Ljdk/internal/loader/Resource; @ 47 c2
Event: 11.380 Thread 0x00000186cc82e000 DEOPT PACKING pc=0x00000186dcb00238 sp=0x00000006538fb660
Event: 11.380 Thread 0x00000186cc82e000 DEOPT UNPACKING pc=0x00000186d4f8a1af sp=0x00000006538fb6d0 mode 2
Event: 11.536 Thread 0x00000186cc82e000 Uncommon trap: trap_request=0xffffff4d fr.pc=0x00000186dcafa2c4 relative=0x0000000000000524
Event: 11.536 Thread 0x00000186cc82e000 Uncommon trap: reason=unstable_if action=reinterpret pc=0x00000186dcafa2c4 method=sun.security.provider.DigestBase.engineUpdate([BII)V @ 1 c2
Event: 11.536 Thread 0x00000186cc82e000 DEOPT PACKING pc=0x00000186dcafa2c4 sp=0x00000006538fa1a0
Event: 11.536 Thread 0x00000186cc82e000 DEOPT UNPACKING pc=0x00000186d4f8a1af sp=0x00000006538fa168 mode 2
Event: 12.886 Thread 0x00000186cc82e000 Uncommon trap: trap_request=0xffffff4d fr.pc=0x00000186dca93a7c relative=0x00000000000014dc
Event: 12.886 Thread 0x00000186cc82e000 Uncommon trap: reason=unstable_if action=reinterpret pc=0x00000186dca93a7c method=java.io.WinNTFileSystem.normalize(Ljava/lang/String;)Ljava/lang/String; @ 128 c2
Event: 12.886 Thread 0x00000186cc82e000 DEOPT PACKING pc=0x00000186dca93a7c sp=0x00000006538fa1d0
Event: 12.886 Thread 0x00000186cc82e000 DEOPT UNPACKING pc=0x00000186d4f8a1af sp=0x00000006538fa198 mode 2

Classes redefined (0 events):
No events

Internal exceptions (20 events):
Event: 8.586 Thread 0x00000186cc82e000 Exception <a 'java/io/FileNotFoundException'{0x0000000090a7c330}> (0x0000000090a7c330) thrown at [./src/hotspot/share/prims/jni.cpp, line 615]
Event: 8.610 Thread 0x00000186cc82e000 Exception <a 'java/io/FileNotFoundException'{0x0000000090ac4030}> (0x0000000090ac4030) thrown at [./src/hotspot/share/prims/jni.cpp, line 615]
Event: 8.614 Thread 0x00000186cc82e000 Exception <a 'java/io/FileNotFoundException'{0x0000000090ace338}> (0x0000000090ace338) thrown at [./src/hotspot/share/prims/jni.cpp, line 615]
Event: 8.653 Thread 0x00000186cc82e000 Exception <a 'java/io/FileNotFoundException'{0x0000000090931420}> (0x0000000090931420) thrown at [./src/hotspot/share/prims/jni.cpp, line 615]
Event: 8.658 Thread 0x00000186cc82e000 Exception <a 'java/io/FileNotFoundException'{0x000000009093b720}> (0x000000009093b720) thrown at [./src/hotspot/share/prims/jni.cpp, line 615]
Event: 8.693 Thread 0x00000186cc82e000 Exception <a 'java/io/FileNotFoundException'{0x00000000909ac4d8}> (0x00000000909ac4d8) thrown at [./src/hotspot/share/prims/jni.cpp, line 615]
Event: 8.717 Thread 0x00000186cc82e000 Exception <a 'java/io/FileNotFoundException'{0x00000000909d0cb8}> (0x00000000909d0cb8) thrown at [./src/hotspot/share/prims/jni.cpp, line 615]
Event: 8.733 Thread 0x00000186cc82e000 Exception <a 'java/io/FileNotFoundException'{0x000000009081ddf0}> (0x000000009081ddf0) thrown at [./src/hotspot/share/prims/jni.cpp, line 615]
Event: 10.135 Thread 0x00000186cc82e000 Exception <a 'java/lang/reflect/InvocationTargetException'{0x000000008fe5f7a8}> (0x000000008fe5f7a8) thrown at [./src/hotspot/share/runtime/reflection.cpp, line 1247]
Event: 10.142 Thread 0x00000186cc82e000 Exception <a 'java/lang/reflect/InvocationTargetException'{0x000000008fe7b878}> (0x000000008fe7b878) thrown at [./src/hotspot/share/runtime/reflection.cpp, line 1247]
Event: 10.145 Thread 0x00000186cc82e000 Exception <a 'java/lang/reflect/InvocationTargetException'{0x000000008fe97bc0}> (0x000000008fe97bc0) thrown at [./src/hotspot/share/runtime/reflection.cpp, line 1247]
Event: 11.516 Thread 0x00000186cc82e000 Exception <a 'java/lang/NoSuchMethodError'{0x0000000091915218}: 'java.lang.Object java.lang.invoke.DirectMethodHandle$Holder.invokeStaticInit(java.lang.Object, int, int, int, int)'> (0x0000000091915218) thrown at [./src/hotspot/share/interpreter/linkResolver.cpp, line 773]
Event: 12.932 Thread 0x00000186cc82e000 Exception <a 'java/lang/NoSuchMethodError'{0x00000000919eda98}: 'java.lang.Object java.lang.invoke.DirectMethodHandle$Holder.invokeStaticInit(java.lang.Object, java.lang.Object, int, int, int, int)'> (0x00000000919eda98) thrown at [./src/hotspot/share/interpreter/linkResolver.cpp, line 773]
Event: 13.092 Thread 0x00000186cc82e000 Exception <a 'java/security/PrivilegedActionException'{0x00000000918a6260}> (0x00000000918a6260) thrown at [./src/hotspot/share/prims/jvm.cpp, line 1306]
Event: 13.093 Thread 0x00000186cc82e000 Exception <a 'java/security/PrivilegedActionException'{0x00000000918a79a8}> (0x00000000918a79a8) thrown at [./src/hotspot/share/prims/jvm.cpp, line 1306]
Event: 13.093 Thread 0x00000186cc82e000 Exception <a 'java/security/PrivilegedActionException'{0x00000000918a9010}> (0x00000000918a9010) thrown at [./src/hotspot/share/prims/jvm.cpp, line 1306]
Event: 13.098 Thread 0x00000186cc82e000 Exception <a 'java/security/PrivilegedActionException'{0x00000000918b5a00}> (0x00000000918b5a00) thrown at [./src/hotspot/share/prims/jvm.cpp, line 1306]
Event: 13.098 Thread 0x00000186cc82e000 Exception <a 'java/security/PrivilegedActionException'{0x00000000918b7060}> (0x00000000918b7060) thrown at [./src/hotspot/share/prims/jvm.cpp, line 1306]
Event: 13.098 Thread 0x00000186cc82e000 Exception <a 'java/security/PrivilegedActionException'{0x00000000918b8680}> (0x00000000918b8680) thrown at [./src/hotspot/share/prims/jvm.cpp, line 1306]
Event: 14.909 Thread 0x00000186ec80e800 Exception <a 'org/lwjgl/LWJGLException'{0x00000000915012b8}: Could not bind dummy context> (0x00000000915012b8) thrown at [./src/hotspot/share/prims/jni.cpp, line 636]

Events (20 events):
Event: 14.635 Executing VM operation: RevokeBias
Event: 14.636 Executing VM operation: RevokeBias done
Event: 14.636 loading class org/lwjgl/opengl/WindowsMouse
Event: 14.636 loading class org/lwjgl/opengl/WindowsMouse done
Event: 14.640 loading class org/lwjgl/opengl/EventQueue
Event: 14.640 loading class org/lwjgl/opengl/EventQueue done
Event: 14.649 Executing VM operation: RevokeBias
Event: 14.649 Executing VM operation: RevokeBias done
Event: 14.649 Executing VM operation: RevokeBias
Event: 14.650 Executing VM operation: RevokeBias done
Event: 14.651 loading class org/lwjgl/opengl/WindowsKeyboard
Event: 14.651 loading class org/lwjgl/opengl/WindowsKeyboard done
Event: 14.696 Executing VM operation: BulkRevokeBias
Event: 14.697 Executing VM operation: BulkRevokeBias done
Event: 14.702 loading class org/lwjgl/opengl/ContextGL
Event: 14.702 loading class org/lwjgl/opengl/ContextGL done
Event: 14.706 loading class org/lwjgl/opengl/ContextImplementation
Event: 14.706 loading class org/lwjgl/opengl/ContextImplementation done
Event: 14.711 loading class org/lwjgl/opengl/WindowsContextImplementation
Event: 14.711 loading class org/lwjgl/opengl/WindowsContextImplementation done


Dynamic libraries:
0x00007ff7ad5d0000 - 0x00007ff7ad5dd000 	C:\Program Files\Eclipse Foundation\jdk-11.0.12.7-hotspot\bin\javaw.exe
0x00007fffebb90000 - 0x00007fffebd88000 	C:\WINDOWS\SYSTEM32\ntdll.dll
0x00007fffe2690000 - 0x00007fffe26a7000 	C:\Program Files\AVAST Software\Avast\aswhook.dll
0x00007fffeb5e0000 - 0x00007fffeb69d000 	C:\WINDOWS\System32\KERNEL32.DLL
0x00007fffe9800000 - 0x00007fffe9ad2000 	C:\WINDOWS\System32\KERNELBASE.dll
0x00007fffe92a0000 - 0x00007fffe93a0000 	C:\WINDOWS\System32\ucrtbase.dll
0x00007fffdeca0000 - 0x00007fffdecb7000 	C:\Program Files\Eclipse Foundation\jdk-11.0.12.7-hotspot\bin\jli.dll
0x00007fffeb6a0000 - 0x00007fffeb83d000 	C:\WINDOWS\System32\USER32.dll
0x00007fffe9440000 - 0x00007fffe9462000 	C:\WINDOWS\System32\win32u.dll
0x00007fffead10000 - 0x00007fffead3b000 	C:\WINDOWS\System32\GDI32.dll
0x00007fffe9ae0000 - 0x00007fffe9bef000 	C:\WINDOWS\System32\gdi32full.dll
0x00007fffe93a0000 - 0x00007fffe943d000 	C:\WINDOWS\System32\msvcp_win.dll
0x00007fffdec80000 - 0x00007fffdec95000 	C:\Program Files\Eclipse Foundation\jdk-11.0.12.7-hotspot\bin\VCRUNTIME140.dll
0x00007fffceac0000 - 0x00007fffced5a000 	C:\WINDOWS\WinSxS\amd64_microsoft.windows.common-controls_6595b64144ccf1df_6.0.19041.1110_none_60b5254171f9507e\COMCTL32.dll
0x00007fffe9f50000 - 0x00007fffe9fee000 	C:\WINDOWS\System32\msvcrt.dll
0x00007fffeb370000 - 0x00007fffeb3a0000 	C:\WINDOWS\System32\IMM32.DLL
0x00007fffd4df0000 - 0x00007fffd4e8b000 	C:\Program Files\Eclipse Foundation\jdk-11.0.12.7-hotspot\bin\msvcp140.dll
0x00007fff87f50000 - 0x00007fff88aa9000 	C:\Program Files\Eclipse Foundation\jdk-11.0.12.7-hotspot\bin\server\jvm.dll
0x00007fffeb1c0000 - 0x00007fffeb26e000 	C:\WINDOWS\System32\ADVAPI32.dll
0x00007fffeba50000 - 0x00007fffebaec000 	C:\WINDOWS\System32\sechost.dll
0x00007fffea880000 - 0x00007fffea9a5000 	C:\WINDOWS\System32\RPCRT4.dll
0x00007fffea870000 - 0x00007fffea878000 	C:\WINDOWS\System32\PSAPI.DLL
0x00007fffdf110000 - 0x00007fffdf119000 	C:\WINDOWS\SYSTEM32\WSOCK32.dll
0x00007fffeb280000 - 0x00007fffeb2eb000 	C:\WINDOWS\System32\WS2_32.dll
0x00007fffdf150000 - 0x00007fffdf177000 	C:\WINDOWS\SYSTEM32\WINMM.dll
0x00007fffe1690000 - 0x00007fffe169a000 	C:\WINDOWS\SYSTEM32\VERSION.dll
0x00007fffe7dc0000 - 0x00007fffe7dd2000 	C:\WINDOWS\SYSTEM32\kernel.appcore.dll
0x00007fffe4c70000 - 0x00007fffe4c80000 	C:\Program Files\Eclipse Foundation\jdk-11.0.12.7-hotspot\bin\verify.dll
0x00007fffe78d0000 - 0x00007fffe7ab4000 	C:\WINDOWS\SYSTEM32\DBGHELP.DLL
0x00007fffded40000 - 0x00007fffded6c000 	C:\WINDOWS\SYSTEM32\dbgcore.DLL
0x00007fffe94e0000 - 0x00007fffe9562000 	C:\WINDOWS\System32\bcryptPrimitives.dll
0x00007fffdbd80000 - 0x00007fffdbda8000 	C:\Program Files\Eclipse Foundation\jdk-11.0.12.7-hotspot\bin\java.dll
0x00007fffdf070000 - 0x00007fffdf07a000 	C:\Program Files\Eclipse Foundation\jdk-11.0.12.7-hotspot\bin\jimage.dll
0x00007fffdb680000 - 0x00007fffdb697000 	C:\Program Files\Eclipse Foundation\jdk-11.0.12.7-hotspot\bin\zip.dll
0x00007fffea050000 - 0x00007fffea793000 	C:\WINDOWS\System32\SHELL32.dll
0x00007fffe7070000 - 0x00007fffe7801000 	C:\WINDOWS\SYSTEM32\windows.storage.dll
0x00007fffe9bf0000 - 0x00007fffe9f44000 	C:\WINDOWS\System32\combase.dll
0x00007fffe8c20000 - 0x00007fffe8c50000 	C:\WINDOWS\SYSTEM32\Wldp.dll
0x00007fffeb840000 - 0x00007fffeb8ed000 	C:\WINDOWS\System32\SHCORE.dll
0x00007fffeb580000 - 0x00007fffeb5d5000 	C:\WINDOWS\System32\shlwapi.dll
0x00007fffe91e0000 - 0x00007fffe91ff000 	C:\WINDOWS\SYSTEM32\profapi.dll
0x00007fffda760000 - 0x00007fffda779000 	C:\Program Files\Eclipse Foundation\jdk-11.0.12.7-hotspot\bin\net.dll
0x00007fffe2350000 - 0x00007fffe245d000 	C:\WINDOWS\SYSTEM32\WINHTTP.dll
0x00007fffe8980000 - 0x00007fffe89ea000 	C:\WINDOWS\system32\mswsock.dll
0x00007fffd9140000 - 0x00007fffd9152000 	C:\Program Files\Eclipse Foundation\jdk-11.0.12.7-hotspot\bin\nio.dll
0x0000000065580000 - 0x0000000065616000 	C:\Users\debor\AppData\Local\Temp\libgdxLuna\12dfaa03\gdx64.dll
0x00007fffe8b70000 - 0x00007fffe8b88000 	C:\WINDOWS\SYSTEM32\CRYPTSP.dll
0x00007fffe82a0000 - 0x00007fffe82d4000 	C:\WINDOWS\system32\rsaenh.dll
0x00007fffe97d0000 - 0x00007fffe97f7000 	C:\WINDOWS\System32\bcrypt.dll
0x00007fffe91a0000 - 0x00007fffe91ce000 	C:\WINDOWS\SYSTEM32\USERENV.dll
0x00007fffe8b90000 - 0x00007fffe8b9c000 	C:\WINDOWS\SYSTEM32\CRYPTBASE.dll
0x00007fffe8670000 - 0x00007fffe86ab000 	C:\WINDOWS\SYSTEM32\IPHLPAPI.DLL
0x00007fffeb270000 - 0x00007fffeb278000 	C:\WINDOWS\System32\NSI.dll
0x00007fffe1ff0000 - 0x00007fffe2007000 	C:\WINDOWS\SYSTEM32\dhcpcsvc6.DLL
0x00007fffe24d0000 - 0x00007fffe24ed000 	C:\WINDOWS\SYSTEM32\dhcpcsvc.DLL
0x00007fffe86b0000 - 0x00007fffe877a000 	C:\WINDOWS\SYSTEM32\DNSAPI.dll
0x0000000180000000 - 0x0000000180053000 	C:\Users\debor\AppData\Local\Temp\libgdxLuna\dc0f0009\lwjgl64.dll
0x00007fffa6740000 - 0x00007fffa6867000 	C:\WINDOWS\SYSTEM32\OPENGL32.dll
0x00007fffd4be0000 - 0x00007fffd4c0c000 	C:\WINDOWS\SYSTEM32\GLU32.dll
0x00000186cc770000 - 0x00000186cc7d4000 	C:\Users\debor\AppData\Local\Temp\libgdxLuna\dc0f0009\OpenAL64.dll
0x00007fffeb3a0000 - 0x00007fffeb4ca000 	C:\WINDOWS\System32\ole32.dll
0x00007fffe66b0000 - 0x00007fffe674e000 	C:\WINDOWS\system32\uxtheme.dll
0x00007fffeb4d0000 - 0x00007fffeb57f000 	C:\WINDOWS\System32\clbcatq.dll
0x00007fffa5d70000 - 0x00007fffa5e0c000 	C:\WINDOWS\SYSTEM32\dsound.dll
0x00007fffe9110000 - 0x00007fffe915b000 	C:\WINDOWS\SYSTEM32\powrprof.dll
0x00007fffe14e0000 - 0x00007fffe1506000 	C:\WINDOWS\SYSTEM32\winmmbase.dll
0x00007fffe90f0000 - 0x00007fffe9102000 	C:\WINDOWS\SYSTEM32\UMPDC.dll
0x00007fffe16a0000 - 0x00007fffe1725000 	C:\WINDOWS\System32\MMDevApi.dll
0x00007fffe8f70000 - 0x00007fffe8f9c000 	C:\WINDOWS\System32\DEVOBJ.dll
0x00007fffe9570000 - 0x00007fffe95be000 	C:\WINDOWS\System32\cfgmgr32.dll
0x00007fffe1c20000 - 0x00007fffe1da2000 	C:\WINDOWS\SYSTEM32\AUDIOSES.DLL
0x00007fffea7a0000 - 0x00007fffea86d000 	C:\WINDOWS\System32\OLEAUT32.dll
0x00007fffe67a0000 - 0x00007fffe67b4000 	C:\WINDOWS\SYSTEM32\resourcepolicyclient.dll
0x00007fffe3a20000 - 0x00007fffe3ace000 	C:\WINDOWS\SYSTEM32\mscms.dll
0x00007fffe3960000 - 0x00007fffe3971000 	C:\WINDOWS\SYSTEM32\ColorAdapterClient.dll
0x00007fffdf9d0000 - 0x00007fffdfa13000 	C:\Windows\System32\Windows.Internal.Graphics.Display.DisplayColorManagement.dll
0x00007fffeab60000 - 0x00007fffeac75000 	C:\WINDOWS\System32\MSCTF.dll
0x00007fffdef20000 - 0x00007fffdf017000 	C:\Windows\System32\AppXDeploymentClient.dll
0x00007fffd5520000 - 0x00007fffd553f000 	C:\WINDOWS\System32\DriverStore\FileRepository\c0311401.inf_amd64_7990d65f3cc7e31f\atig6pxx.dll
0x000000006c4f0000 - 0x000000006e4a3000 	C:\WINDOWS\System32\DriverStore\FileRepository\c0311401.inf_amd64_7990d65f3cc7e31f\atio6axx.dll
0x00007fffead40000 - 0x00007fffeb1af000 	C:\WINDOWS\System32\SETUPAPI.dll
0x00007fffb4d10000 - 0x00007fffb4d34000 	C:\WINDOWS\SYSTEM32\dxva2.dll
0x00007fffe69b0000 - 0x00007fffe69df000 	C:\WINDOWS\SYSTEM32\dwmapi.dll
0x00007fffd4ba0000 - 0x00007fffd4bd3000 	C:\WINDOWS\System32\DriverStore\FileRepository\c0311401.inf_amd64_7990d65f3cc7e31f\atig6txx.dll
0x00007fffa54b0000 - 0x00007fffa5604000 	C:\WINDOWS\SYSTEM32\atiadlxx.dll
0x00007fffe6f00000 - 0x00007fffe6ff6000 	C:\WINDOWS\SYSTEM32\PROPSYS.dll
0x00007fffe3980000 - 0x00007fffe3994000 	C:\WINDOWS\SYSTEM32\WTSAPI32.dll
0x00007fffe9470000 - 0x00007fffe94d9000 	C:\WINDOWS\System32\WINTRUST.dll
0x00007fffe95c0000 - 0x00007fffe9716000 	C:\WINDOWS\System32\CRYPT32.dll
0x00007fffe8db0000 - 0x00007fffe8dc2000 	C:\WINDOWS\SYSTEM32\MSASN1.dll
0x00007fffe0b90000 - 0x00007fffe0bcb000 	C:\WINDOWS\SYSTEM32\dxcore.dll
0x00007fffdcd40000 - 0x00007fffdce39000 	C:\WINDOWS\SYSTEM32\textinputframework.dll
0x00007fffe5ee0000 - 0x00007fffe623e000 	C:\WINDOWS\System32\CoreUIComponents.dll
0x00007fffe6240000 - 0x00007fffe6332000 	C:\WINDOWS\System32\CoreMessaging.dll
0x00007fffe8350000 - 0x00007fffe8383000 	C:\WINDOWS\SYSTEM32\ntmarta.dll
0x00007fffe5900000 - 0x00007fffe5a54000 	C:\WINDOWS\SYSTEM32\wintypes.dll
0x00007fffd1a70000 - 0x00007fffd1ad6000 	C:\WINDOWS\system32\Oleacc.dll
0x00007fffdb600000 - 0x00007fffdb643000 	C:\WINDOWS\SYSTEM32\icm32.dll

dbghelp: loaded successfully - version: 4.0.5 - missing functions: none
symbol engine: initialized successfully - sym options: 0x614 - pdb path: .;C:\Program Files\Eclipse Foundation\jdk-11.0.12.7-hotspot\bin;C:\WINDOWS\SYSTEM32;C:\Program Files\AVAST Software\Avast;C:\WINDOWS\WinSxS\amd64_microsoft.windows.common-controls_6595b64144ccf1df_6.0.19041.1110_none_60b5254171f9507e;C:\Program Files\Eclipse Foundation\jdk-11.0.12.7-hotspot\bin\server;C:\Users\debor\AppData\Local\Temp\libgdxLuna\12dfaa03;C:\Users\debor\AppData\Local\Temp\libgdxLuna\dc0f0009;C:\WINDOWS\System32\DriverStore\FileRepository\c0311401.inf_amd64_7990d65f3cc7e31f

VM Arguments:
jvm_args: -Duser.language=en_US -Dfile.encoding=UTF-8 
java_command: org.uqbar.project.wollok.launch.WollokLauncher -requestsPort 0 -eventsPort 0 -folder -dontValidate -wf src/juego.wpgm
java_class_path (initial): C:\LUNA\UTN-2022\PdeP\3.Objetos\2022-tpgame-paradigmasdelaperdicion\bin;C:\Wollok\plugins\com.ibm.icu_64.2.0.v20190507-1337.jar;C:\Wollok\plugins\org.eclipse.xtext_2.20.0.v20191202-0915.jar;C:\Wollok\plugins\org.eclipse.emf.ecore.xmi_2.16.0.v20190528-0725.jar;C:\Wollok\plugins\org.eclipse.emf.ecore_2.20.0.v20190920-0401.jar;C:\Wollok\plugins\org.eclipse.emf.common_2.17.0.v20190920-0401.jar;C:\Wollok\plugins\org.antlr.runtime_3.2.0.v201101311130.jar;C:\Wollok\plugins\com.google.inject_3.0.0.v201605172100.jar;C:\Wollok\plugins\org.eclipse.emf.mwe.core_1.5.1.v20191121-1148.jar;C:\Wollok\plugins\org.apache.commons.cli_1.2.0.v201404270220.jar;C:\Wollok\plugins\org.eclipse.emf.mwe2.runtime_2.11.1.v20191121-1148.jar;C:\Wollok\plugins\org.eclipse.emf.mwe.utils_1.5.1.v20191121-1148.jar;C:\Wollok\plugins\org.eclipse.xtext.util_2.20.0.v20191202-0915.jar;C:\Wollok\plugins\com.google.guava_27.1.0.v20190517-1946.jar;C:\Wollok\plugins\javax.inject_1.0.0.v20091030.jar;C:\Wollok\plugins\org.eclipse.xtext.generator_2.20.0.v20191202-0933.jar;C:\Wollok\plugins\org.eclipse.xtext.xtext.generator_2.20.0.v20191202-0915.jar;C:\Wollok\plugins\org.eclipse.xtext.xbase.lib_2.20.0.v20191202-0907.jar;C:\Wollok\plugins\org.eclipse.emf.codegen.ecore_2.20.0.v20191012-0918.jar;C:\Wollok\plugins\org.eclipse.emf.codegen_2.19.0.v20190821-1536.jar;C:\Wollok\plugins\org.eclipse.xtend_2.2.0.v201605260315.jar;C:\Wollok\plugins\org.eclipse.xpand_2.2.0.v201605260315.jar;C:\Wollok\plugins\org.eclipse.xtend.typesystem.emf_2.2.0.v201605260315.jar;C:\Wollok\plugins\org.uqbar.project.wollok_3.0.0.jar;C:\Wollok\plugins\org.eclipse.xtext.xbase_2.20.0.v20191202-0933.jar;C:\Wollok\plugins\org.eclipse.xtext.common.types_2.20.0.v20191202-0933.jar;C:\Wollok\plugins\org.eclipse.xtend.lib_2.20.0.v20191202-0907.jar;C:\Wollok\plugins\org.eclipse.xtend.lib.macro_2.20.0.v20191202-0907.jar;C:\Wollok\plugins\org.apache.commons.collections_3.2.2.v201511171945.jar;C:\Wollok\plugins\org.uqbar.project.wo
Launcher Type: SUN_STANDARD

[Global flags]
     intx CICompilerCount                          = 3                                         {product} {ergonomic}
     uint ConcGCThreads                            = 1                                         {product} {ergonomic}
     uint G1ConcRefinementThreads                  = 4                                         {product} {ergonomic}
   size_t G1HeapRegionSize                         = 1048576                                   {product} {ergonomic}
    uintx GCDrainStackTargetSize                   = 64                                        {product} {ergonomic}
   size_t InitialHeapSize                          = 125829120                                 {product} {ergonomic}
   size_t MarkStackSize                            = 4194304                                   {product} {ergonomic}
   size_t MaxHeapSize                              = 2004877312                                {product} {ergonomic}
   size_t MaxNewSize                               = 1202716672                                {product} {ergonomic}
   size_t MinHeapDeltaBytes                        = 1048576                                   {product} {ergonomic}
    uintx NonNMethodCodeHeapSize                   = 5830732                                {pd product} {ergonomic}
    uintx NonProfiledCodeHeapSize                  = 122913754                              {pd product} {ergonomic}
    uintx ProfiledCodeHeapSize                     = 122913754                              {pd product} {ergonomic}
    uintx ReservedCodeCacheSize                    = 251658240                              {pd product} {ergonomic}
     bool SegmentedCodeCache                       = true                                      {product} {ergonomic}
     bool UseCompressedClassPointers               = true                                 {lp64_product} {ergonomic}
     bool UseCompressedOops                        = true                                 {lp64_product} {ergonomic}
     bool UseG1GC                                  = true                                      {product} {ergonomic}
     bool UseLargePagesIndividualAllocation        = false                                  {pd product} {ergonomic}

Logging:
Log output configuration:
 #0: stdout all=warning uptime,level,tags
 #1: stderr all=off uptime,level,tags

Environment Variables:
PATH=C:/Program Files/Eclipse Foundation/jdk-11.0.12.7-hotspot/bin/client;C:/Program Files/Eclipse Foundation/jdk-11.0.12.7-hotspot/bin;C:\Program Files\Eclipse Foundation\jdk-11.0.12.7-hotspot\bin;C:\Program Files (x86)\Common Files\Oracle\Java\javapath;C:\Program Files (x86)\Common Files\Intel\Shared Files\cpp\bin\Intel64;C:\WINDOWS\system32;C:\WINDOWS;C:\WINDOWS\System32\Wbem;C:\WINDOWS\System32\WindowsPowerShell\v1.0\;C:\Program Files\Microsoft SQL Server\Client SDK\ODBC\130\Tools\Binn\;C:\Program Files (x86)\Microsoft SQL Server\140\Tools\Binn\;C:\Program Files\Microsoft SQL Server\140\Tools\Binn\;C:\Program Files\Microsoft SQL Server\140\DTS\Binn\;C:\GnuWin32\bin;C:\Program Files (x86)\Microsoft SQL Server\Client SDK\ODBC\130\Tools\Binn\;C:\Program Files (x86)\Microsoft SQL Server\140\DTS\Binn\;C:\Program Files (x86)\Microsoft SQL Server\140\Tools\Binn\ManagementStudio\;C:\WINDOWS\System32\OpenSSH\;C:\Program Files\Microsoft SQL Server\130\Tools\Binn\;C:\Program Files\dotnet\;C:\Program Files\Git\cmd;C:\MinGW\bin;C:\ProgramData\chocolatey\bin;C:\Program Files\swipl\bin;C:\Flex_Y_Bison\bin;C:\Flex_Y_Bison\lib;C:\Users\debor\AppData\Roaming\local\bin;C:\Users\debor\AppData\Local\Microsoft\WindowsApps;;C:\Users\debor\AppData\Local\Programs\Microsoft VS Code\bin;C:\Users\debor\AppData\Roaming\cabal\bin;C:\tools\msys64;;C:\Wollok;
USERNAME=Luna
OS=Windows_NT
PROCESSOR_IDENTIFIER=AMD64 Family 21 Model 101 Stepping 1, AuthenticAMD



---------------  S Y S T E M  ---------------

OS: Windows 10 , 64 bit Build 19041 (10.0.19041.1889)
OS uptime: 7 days 1:06 hours

CPU:total 4 (initial active 4) (4 cores per cpu, 1 threads per core) family 21 model 101 stepping 1 microcode 0x0, cmov, cx8, fxsr, mmx, sse, sse2, sse3, ssse3, sse4.1, sse4.2, popcnt, avx, avx2, aes, clmul, mmxext, 3dnowpref, lzcnt, sse4a, tsc, tscinvbit, tscinv, bmi1, bmi2, fma

Memory: 4k page, system-wide physical 7647M (1434M free)
TotalPageFile size 11237M (AvailPageFile size 5M)
current process WorkingSet (physical memory assigned to process): 236M, peak: 236M
current process commit charge ("private bytes"): 343M, peak: 347M

vm_info: OpenJDK 64-Bit Server VM (11.0.12+7) for windows-amd64 JRE (11.0.12+7), built on Jul 21 2021 16:23:49 by "" with unknown MS VC++:1916

END.
